info: [object Object],[object Object]
info: [object Object]
info: Accept,*/*,User-Agent,node-fetch/1.0 (+https://github.com/bitinn/node-fetch),Accept-Encoding,gzip,deflate,Connection,close,Host,localhost:8087
undefined [undefined] info: Server is listening on port 8087
undefined [undefined] info: Accept,*/*,User-Agent,node-fetch/1.0 (+https://github.com/bitinn/node-fetch),Accept-Encoding,gzip,deflate,Connection,close,Host,localhost:8087
2023-06-15T01:54:19.601Z [right meow!] info: Server is listening on port 8087
2023-06-15T01:55:32.527Z [right meow!] info: Accept,*/*,User-Agent,node-fetch/1.0 (+https://github.com/bitinn/node-fetch),Accept-Encoding,gzip,deflate,Connection,close,Host,localhost:8087
2023-06-15T02:08:05.470Z [undefined] info: Server is listening on port 8087
2023-06-15T02:15:09.194Z-info: Server is listening on port 8087
2023-06-15T02:41:23.470Z-info: Server is listening on port 8087
2023-06-15T02:42:21.015Z-info: Server is listening on port 8087
2023-06-15T02:42:37.500Z-info: Server is listening on port 8087
2023-06-15T02:42:59.142Z-info: Server is listening on port 8087
2023-06-15T02:43:00.804Z-info: Accept,*/*,User-Agent,node-fetch/1.0 (+https://github.com/bitinn/node-fetch),Accept-Encoding,gzip,deflate,Connection,close,Host,localhost:8087
2023-06-15T02:43:09.416Z-info: Accept,*/*,User-Agent,node-fetch/1.0 (+https://github.com/bitinn/node-fetch),Accept-Encoding,gzip,deflate,Connection,close,Host,localhost:8087
2023-06-15T02:43:10.086Z-info: Accept,*/*,User-Agent,node-fetch/1.0 (+https://github.com/bitinn/node-fetch),Accept-Encoding,gzip,deflate,Connection,close,Host,localhost:8087
2023-06-15T02:43:32.056Z-info: Server is listening on port 8087
2023-06-15T02:43:36.359Z-info: Accept,*/*,User-Agent,node-fetch/1.0 (+https://github.com/bitinn/node-fetch),Accept-Encoding,gzip,deflate,Connection,close,Host,localhost:8087
2023-06-15T02:44:45.102Z-info: Server is listening on port 8087
2023-06-15T02:44:47.482Z-info: Accept,*/*,User-Agent,node-fetch/1.0 (+https://github.com/bitinn/node-fetch),Accept-Encoding,gzip,deflate,Connection,close,Host,localhost:8087
2023-06-15T02:46:37.712Z-info: Server is listening on port 8087
2023-06-15T02:46:44.874Z-info: Accept,*/*,User-Agent,node-fetch/1.0 (+https://github.com/bitinn/node-fetch),Accept-Encoding,gzip,deflate,Connection,close,Host,localhost:8087
2023-06-16T01:24:27.683Z-info: Server is listening on port 8087
2023-06-16T01:27:01.564Z-info: Server is listening on port 8087
2023-06-16T01:28:57.380Z-info: Server is listening on port 8087
2023-06-16T01:29:13.647Z-info: Server is listening on port 8087
2023-06-16T01:59:13.110Z-info: Server is listening on port 8087
2023-06-16T02:01:19.428Z-info: Server is listening on port 8087
2023-06-16T02:25:17.037Z-info: Server is listening on port 8087
2023-06-17T00:47:51.941Z-info: Server is listening on port 8087
2023-06-17T00:54:21.105Z-info: Server is listening on port 8087
2023-06-17T00:54:36.519Z-info: Server is listening on port 8087
2023-06-17T01:19:37.867Z-info: Server is listening on port 8087
2023-06-17T01:20:36.222Z-info: Server is listening on port 8087
2023-06-17T01:24:03.731Z-info: Server is listening on port 8087
2023-06-17T01:24:11.651Z-info: [object Object]
2023-06-17T01:24:29.648Z-info: Server is listening on port 8087
2023-06-17T01:25:05.448Z-info: Server is listening on port 8087
2023-06-17T01:41:35.959Z-info: Server is listening on port 8087
2023-06-17T01:46:49.735Z-info: Server is listening on port 8087
2023-06-17T01:52:06.679Z-info: Server is listening on port 8087
2023-06-17T01:52:51.666Z-info: Server is listening on port 8087
2023-06-17T01:59:00.539Z-info: Server is listening on port 8087
2023-06-17T02:00:15.326Z-info: Server is listening on port 8087
2023-06-17T02:00:46.276Z-info: Server is listening on port 8087
2023-06-17T02:06:35.496Z-info: Server is listening on port 8087
2023-06-20T01:44:44.850Z-error: Dabase Error
2023-06-20T01:45:30.354Z-error: Dabase Error
2023-06-20T01:46:00.712Z-error: Dabase Error
2023-06-20T01:50:39.496Z-error: Dabase Error
2023-06-20T01:51:14.659Z-error: Dabase Error
2023-06-20T02:07:17.298Z-error: Dabase Error
2023-06-20T02:11:05.205Z-error: Dabase Error
2023-06-20T02:12:03.094Z-error: Dabase Error
2023-06-20T02:19:20.075Z-error: Dabase Error
2023-06-22T01:00:25.075Z-info: Server is listening on port 8087
2023-06-22T01:02:27.896Z-info: Server is listening on port 8087
2023-06-22T01:03:00.766Z-info: Server is listening on port 8087
2023-06-22T01:03:03.256Z-error: Unexpected token } in JSON at position 94
2023-06-22T01:05:29.536Z-info: Server is listening on port 8087
2023-06-22T01:05:32.138Z-error: Unexpected token } in JSON at position 94
2023-06-22T01:06:00.575Z-error: Unexpected token ' in JSON at position 16
2023-06-22T01:09:19.291Z-info: Server is listening on port 8087
2023-06-22T01:11:29.508Z-info: Server is listening on port 8087
2023-06-22T01:11:32.027Z-error: database "gestion_cita1" does not exist
2023-06-22T01:14:26.367Z-info: Server is listening on port 8087
2023-06-22T01:14:29.015Z-error: database "gestion_cita1" does not exist
2023-06-22T01:15:06.616Z-info: Server is listening on port 8087
2023-06-22T01:15:09.123Z-error: database "gestion_cita1" does not exist
2023-06-22T01:15:09.123Z-error: Error creating doctor: error: database "gestion_cita1" does not exist
2023-06-22T01:15:22.358Z-error: database "gestion_cita1" does not exist
2023-06-22T01:15:22.358Z-error: Error creating doctor: error: database "gestion_cita1" does not exist
2023-06-22T01:16:26.423Z-info: Server is listening on port 8087
2023-06-22T01:16:29.269Z-error: Error creating doctor: error: database "gestion_cita1" does not exist
2023-06-22T01:18:02.786Z-error: Internal Server Error
2023-06-22T01:19:08.626Z-error: Internal Server Error
2023-06-22T01:19:16.801Z-error: Internal Server Error
2023-06-22T01:19:47.999Z-error: Internal Server Error
2023-06-22T01:20:33.396Z-error: Internal Server Error
2023-06-22T01:22:44.205Z-error: Internal Server Error
2023-06-22T01:24:40.933Z-error: Internal Server Error
2023-06-22T01:32:52.638Z-info: Server is listening on port 8087
2023-06-22T01:32:55.481Z-error: Failed to create doctor
2023-06-22T01:33:50.824Z-info: Server is listening on port 8087
2023-06-22T01:33:51.958Z-error: Failed to create doctor
2023-06-22T01:34:08.046Z-info: Server is listening on port 8087
2023-06-22T01:34:09.975Z-error: Failed to create doctor
2023-06-22T01:36:00.010Z-info: Server is listening on port 8087
2023-06-22T01:36:05.413Z-error: Failed to create doctor repository
2023-06-22T01:36:53.626Z-info: Server is listening on port 8087
2023-06-22T01:36:55.931Z-error: Failed to create doctor dubt: error: database "gestion_cita1" does not exist
2023-06-22T01:39:07.486Z-error: Failed to create doctor dubt: error: database "gestion_cita1" does not exist
2023-06-22T01:44:54.065Z-info: Server is listening on port 8087
2023-06-22T01:45:03.544Z-error: Failed to create doctor dubt: error: database "gestion_cita1" does not exist
2023-06-22T01:45:21.601Z-info: Server is listening on port 8087
2023-06-22T01:45:26.417Z-error: Failed to create doctor dubt: error: database "gestion_cita1" does not exist
2023-06-22T01:48:04.542Z-info: Server is listening on port 8087
2023-06-22T01:48:06.008Z-error: Failed to create doctor dubt: error: database "gestion_cita1" does not exist
2023-06-22T02:28:09.676Z-info: Server is listening on port 8087
2023-06-22T02:28:21.280Z-error: Record has not found yet
2023-06-22T02:30:25.713Z-info: Server is listening on port 8087
2023-06-22T02:30:36.460Z-error: Record has not found yet
2023-06-22T02:31:30.978Z-info: Server is listening on port 8087
2023-06-22T02:31:34.828Z-info: 1
2023-06-22T02:31:34.848Z-error: Record has not found yet
2023-06-22T02:32:01.018Z-info: Server is listening on port 8087
2023-06-22T02:32:01.317Z-info: 1
2023-06-22T02:32:01.334Z-error: Record has not found yet
2023-06-22T02:32:32.769Z-info: Server is listening on port 8087
2023-06-22T02:32:35.302Z-info: 1
2023-06-22T02:32:35.323Z-error: Record has not found yet
2023-06-22T02:34:39.706Z-info: Server is listening on port 8087
2023-06-22T02:34:41.140Z-info: 1
2023-06-22T02:34:41.157Z-error: Failed get doctor by id in repository
2023-06-22T02:34:41.157Z-error: Record has not found yet
2023-06-22T02:35:13.681Z-info: Server is listening on port 8087
2023-06-22T02:35:16.072Z-info: 1
2023-06-22T02:35:16.091Z-error: Record has not found yet
2023-06-22T02:36:03.449Z-info: Server is listening on port 8087
2023-06-22T02:36:03.830Z-info: 1
2023-06-22T02:36:03.877Z-error: Failed get doctor by id in repository
2023-06-22T02:36:03.878Z-error: Record has not found yet
2023-06-22T02:37:09.643Z-info: Server is listening on port 8087
2023-06-22T02:37:11.652Z-info: 1
2023-06-22T02:42:19.366Z-error: Internal Server Error
2023-06-22T02:42:55.239Z-error: Internal Server Error
2023-06-22T02:43:11.640Z-error: Internal Server Error
2023-06-22T02:45:05.590Z-error: Internal Server Error
2023-06-22T02:45:05.594Z-error: Record has not found yet
2023-06-22T02:45:38.105Z-error: Internal Server Error
2023-06-22T02:45:38.110Z-error: Record has not found yet
2023-06-22T02:46:06.303Z-error: Internal Server Error
2023-06-22T02:46:06.307Z-error: Record has not found yet
2023-06-22T02:46:22.396Z-error: Internal Server Error
2023-06-22T02:46:22.400Z-error: Record has not found yet
2023-06-22T02:46:29.887Z-error: Internal Server Error
2023-06-22T02:46:29.891Z-error: Record has not found yet
2023-06-22T02:48:14.326Z-error: Internal Server Error
2023-06-22T02:48:14.330Z-error: Record has not found yet
2023-06-22T02:48:14.331Z-error: Internal Server Error
2023-06-22T02:48:37.967Z-error: Internal Server Error
2023-06-22T02:48:37.970Z-error: Record has not found yet
2023-06-22T02:48:37.971Z-error: Internal Server Error
2023-06-22T02:51:42.196Z-error: Internal Server Error
2023-06-22T02:51:42.201Z-error: Record has not found yet
2023-06-22T02:51:42.202Z-error: Internal Server Error
2023-06-22T02:51:49.412Z-error: Internal Server Error
2023-06-22T02:51:49.417Z-error: Record has not found yet
2023-06-22T02:51:49.419Z-error: Internal Server Error
2023-06-22T02:53:04.812Z-error: Internal Server Error
2023-06-22T02:53:04.816Z-error: Record has not found yet
2023-06-22T02:53:04.817Z-error: Internal Server Error
2023-06-22T02:53:27.789Z-error: Internal Server Error
2023-06-22T02:53:27.793Z-error: Record has not found yet
2023-06-22T02:53:27.794Z-error: Internal Server Error
2023-06-22T02:53:40.236Z-error: Internal Server Error
2023-06-22T02:53:40.241Z-error: Record has not found yet
2023-06-22T02:53:40.241Z-error: Internal Server Error
2023-06-22T02:56:15.271Z-error: Internal Server Error
2023-06-22T02:56:15.280Z-error: Record has not found yet
2023-06-22T02:56:15.281Z-error: Internal Server Error
2023-06-22T02:57:38.625Z-error: Internal Server Error
2023-06-22T02:57:38.628Z-error: Record has not found yet
2023-06-22T02:57:38.629Z-error: Internal Server Error
2023-06-23T02:09:54.093Z-error: Internal Server Error
2023-06-23T02:09:54.101Z-error: Record has not found yet
2023-06-23T02:09:54.102Z-error: Internal Server Error
2023-06-23T02:10:41.717Z-info: Server is listening on port 8087
2023-06-23T02:18:43.786Z-info: 2
2023-06-23T02:18:52.006Z-info: 2
2023-06-24T23:35:20.630Z-info: Server is listening on port 8087
2023-06-24T23:42:20.453Z-info: 2
2023-06-24T23:43:31.550Z-info: 2
2023-06-24T23:43:40.053Z-info: 2
2023-06-24T23:48:30.685Z-info: Server is listening on port 8087
2023-06-25T17:16:38.871Z-info: Server is listening on port 8087
2023-06-25T17:20:01.324Z-error: Failed to create doctor dubt: error: insert into "doctores" ("apellido", "consultorio", "correo", "especialidad", "nombre") values ($1, $2, $3, $4, $5) returning * - llave duplicada viola restricción de unicidad «doctores_pkey»
2023-06-25T17:20:34.350Z-error: Failed to create doctor dubt: error: insert into "doctores" ("apellido", "consultorio", "correo", "especialidad", "nombre") values ($1, $2, $3, $4, $5) returning * - llave duplicada viola restricción de unicidad «doctores_pkey»
2023-06-26T01:48:48.743Z-error: Record has not found yet
2023-06-26T01:48:48.749Z-error: Internal Server Error
2023-06-26T01:49:41.201Z-info: Server is listening on port 8087
2023-06-26T01:58:29.561Z-error: Failed to delete doctor from service
2023-06-26T01:58:29.562Z-error: Failed to delete doctor
2023-06-26T02:01:41.301Z-error: Failed to update doctor from service
2023-06-26T02:01:41.302Z-error: Failed to update doctor
2023-06-26T02:07:07.992Z-error: Record has not found yet
2023-06-26T02:07:07.999Z-error: Internal Server Error
2023-06-26T02:08:40.765Z-error: Record has not found yet
2023-06-26T02:08:40.770Z-error: Internal Server Error
2023-06-26T02:09:53.814Z-error: Record has not found yet
2023-06-26T02:09:53.823Z-error: Internal Server Error
2023-06-26T02:18:16.033Z-error: Record has not found yet
2023-06-26T02:18:16.040Z-error: Internal Server Error
2023-06-26T02:19:11.661Z-error: Record has not found yet
2023-06-26T02:19:11.667Z-error: Internal Server Error
2023-06-26T02:24:06.098Z-error: Record has not found yet
2023-06-26T02:24:06.107Z-error: Internal Server Error
2023-06-26T02:24:40.036Z-error: Record has not found yet
2023-06-26T02:24:40.044Z-error: Internal Server Error
2023-06-26T02:28:26.922Z-error: Unexpected token " in JSON at position 0
2023-06-26T02:28:34.257Z-error: Unexpected token " in JSON at position 0
2023-06-26T02:28:39.511Z-error: Unexpected token " in JSON at position 0
2023-06-26T02:28:39.999Z-error: Unexpected token " in JSON at position 0
2023-06-26T02:28:48.612Z-error: Unexpected token " in JSON at position 0
2023-06-26T02:29:09.067Z-error: Unexpected token " in JSON at position 0
2023-06-26T02:29:26.388Z-error: Unexpected token " in JSON at position 0
2023-06-26T02:29:27.831Z-error: Unexpected token " in JSON at position 0
2023-06-26T02:29:58.905Z-error: Unexpected token " in JSON at position 0
2023-06-26T02:30:18.614Z-error: Unexpected token " in JSON at position 0
2023-06-26T02:30:37.618Z-error: Unexpected token " in JSON at position 0
2023-06-26T02:30:48.940Z-error: Unexpected token " in JSON at position 0
2023-07-02T21:12:28.733Z-info: Server is listening on port 8087
2023-07-02T22:10:34.298Z-info: Server is listening on port 8087
2023-07-02T23:54:53.814Z-info: Server is listening on port 8087
2023-07-03T01:59:37.900Z-info: Server is listening on port 8087
2023-07-03T02:01:21.320Z-error: database "gestion_citas1" does not exist
2023-07-03T02:01:21.322Z-error: Failed getting all appointments from service
2023-07-03T02:22:04.598Z-info: Server is listening on port 8087
2023-07-03T02:22:08.860Z-error: Failed to create appointment from service
2023-07-03T02:28:33.106Z-info: Server is listening on port 8087
2023-07-03T02:28:37.164Z-error: Failed to create appointment dubt: error: database "gestion_citas1" does not exist
2023-07-03T02:28:37.166Z-error: Failed to create appointment dubt:  appointment creation GetAllError: Failed to create appointment dubt: error: database "gestion_citas1" does not exist
2023-07-03T02:29:45.901Z-info: Server is listening on port 8087
2023-07-03T02:29:51.360Z-error: Failed to create appointment dubt:  appointment creation GetAllError: Failed to create appointment dubt: error: database "gestion_citas1" does not exist
2023-07-03T02:33:18.395Z-info: Server is listening on port 8087
2023-07-03T02:33:20.906Z-error: Failed to create appointment dubt:  appointment GetAllError: Failed to create appointment dubt: error: database "gestion_citas1" does not exist
2023-07-03T02:35:18.386Z-info: Server is listening on port 8087
2023-07-03T02:35:23.183Z-error: Failed to create appointment dubt:  appointment GetAllError: Failed to create appointment dubt: error: database "gestion_citas1" does not exist , appointment Creation Failed
2023-07-03T02:37:06.585Z-info: Server is listening on port 8087
2023-07-03T02:37:13.805Z-error: Failed to create appointment dubt:  appointment GetAllError: Failed to create appointment dubt: error: database "gestion_citas1" does not exist
2023-07-03T02:39:39.381Z-info: Server is listening on port 8087
2023-07-03T02:39:44.398Z-error: Failed to create appointment dubt: error: database "gestion_citas1" does not exist
2023-07-03T02:39:44.399Z-error: Failed to create appointment dubt:  appointment GetAllError: Failed to create appointment dubt: error: database "gestion_citas1" does not exist
2023-07-03T02:44:58.677Z-error: Id must be a number
2023-07-03T02:45:25.251Z-info: Server is listening on port 8087
2023-07-03T02:45:36.826Z-error: Id must be a number
2023-07-03T02:48:39.362Z-info: Server is listening on port 8087
2023-07-03T02:48:41.816Z-error: Id must be a number
2023-07-03T02:50:29.693Z-info: Server is listening on port 8087
2023-07-03T02:50:34.246Z-error: Id must be a number
2023-07-03T02:51:01.818Z-info: Server is listening on port 8087
2023-07-03T02:51:07.765Z-error: Id must be a number1
2023-07-03T02:53:11.469Z-info: Server is listening on port 8087
2023-07-03T02:53:12.027Z-error: Id must be a number
2023-07-03T02:53:30.104Z-error: Id must be a number
2023-07-03T02:54:09.381Z-error: Id must be a number
2023-07-03T02:54:20.208Z-error: Id must be a number
2023-07-03T02:57:28.363Z-info: Server is listening on port 8087
2023-07-03T02:57:44.750Z-error: Failed get appointment by id in repository
2023-07-03T02:57:44.752Z-error: Failed to get appointment from service
2023-07-03T02:57:44.754Z-error: Failed to get Appointment by Id
2023-07-03T02:59:57.829Z-info: Server is listening on port 8087
2023-07-03T03:00:05.151Z-error: Failed get appointment by id in repository
2023-07-03T03:00:05.153Z-error: Failed to get appointment from service
2023-07-03T03:00:05.155Z-error: Failed to get Appointment by Id
2023-07-03T04:13:11.958Z-info: Server is listening on port 8087
2023-07-03T04:13:18.258Z-error: Id must be a number
2023-07-03T04:13:37.517Z-error: database "gestion_citas1" does not exist
2023-07-03T04:13:37.519Z-error: Failed getting all Doctors from service
2023-07-03T04:14:49.695Z-info: Server is listening on port 8087
2023-07-03T04:15:40.473Z-error: Failed getting all Doctors from service
2023-07-03T04:21:44.917Z-info: Server is listening on port 8087
2023-07-03T04:22:17.149Z-error: Failed get doctor by id in repository
2023-07-03T04:22:17.150Z-error: Failed Getting Doctor by id in Repository
2023-07-03T04:23:05.800Z-info: Server is listening on port 8087
2023-07-03T04:23:11.464Z-error: Failed get doctor by id in repository
2023-07-03T04:23:11.466Z-error: Failed Getting Doctor by id in Repository
2023-07-03T04:23:48.599Z-info: Server is listening on port 8087
2023-07-03T04:23:52.594Z-error: Failed get doctor by id in repository
2023-07-03T04:23:52.595Z-error: Failed Getting Doctor by id in Repository
2023-07-03T04:26:50.076Z-info: Server is listening on port 8087
2023-07-03T04:26:54.214Z-error: Failed get doctor by id in repository
2023-07-03T04:26:54.216Z-error: Failed to get doctor from service
2023-07-03T04:26:54.217Z-error: Failed Getting Doctor from Service
2023-07-03T04:28:51.041Z-info: Server is listening on port 8087
2023-07-03T04:28:55.581Z-error: Failed get doctor by id in repository
2023-07-03T04:28:55.582Z-error: Failed to get doctor from service
2023-07-03T04:33:31.404Z-error: Failed get doctor by id in repository
2023-07-03T04:33:31.407Z-error: Failed to update doctor from service
2023-07-03T04:33:31.410Z-error: Failed to update doctor
2023-07-03T04:33:50.464Z-info: Server is listening on port 8087
2023-07-03T04:33:55.474Z-error: Failed get doctor by id in repository
2023-07-03T04:33:55.475Z-error: Failed to update doctor from service
2023-07-03T04:33:55.476Z-error: Update not Accomplished from Service
2023-07-03T04:36:17.134Z-info: Server is listening on port 8087
2023-07-03T04:36:46.968Z-error: Failed get doctor by id in repository1
2023-07-03T04:36:46.969Z-error: Failed to update doctor from service
2023-07-03T04:36:46.971Z-error: Update not Accomplished from Service
2023-07-03T04:57:35.758Z-info: Server is listening on port 8087
2023-07-03T04:58:03.750Z-error: Failed get doctor by id in repository
2023-07-03T04:58:03.752Z-error: Failed to delete doctor from service
2023-07-03T04:58:03.754Z-error: Failed deleting doctor from Service
2023-07-03T05:17:09.596Z-info: Server is listening on port 8087
2023-07-03T05:21:08.387Z-error: database "gestion_citas1" does not exist
2023-07-03T05:24:34.822Z-info: Server is listening on port 8087
2023-07-03T05:24:49.632Z-error: database "gestion_citas1" does not exist
2023-07-03T05:24:49.636Z-error: Failed getting all patients from service
2023-07-03T05:25:24.869Z-info: Server is listening on port 8087
2023-07-03T05:25:28.432Z-error: database "gestion_citas1" does not exist
2023-07-03T05:25:28.434Z-error: Failed getting all patients from service
2023-07-03T05:29:51.609Z-info: Server is listening on port 8087
2023-07-03T05:29:56.721Z-error: database "gestion_citas1" does not exist
2023-07-03T05:29:56.723Z-error: Failed getting all patients from service
2023-07-03T05:38:52.363Z-info: Server is listening on port 8087
2023-07-03T05:40:02.253Z-error: database "gestion_citas1" does not exist
2023-07-03T05:40:02.255Z-error: Failed to create patient dubt: error: database "gestion_citas1" does not exist
2023-07-03T05:48:19.331Z-info: Server is listening on port 8087
2023-07-03T05:48:49.942Z-error: database "gestion_citas1" does not exist
2023-07-03T05:48:49.943Z-error: Failed to create patient dubt: error: database "gestion_citas1" does not exist
2023-07-03T05:48:49.946Z-error: Failed to create patient from service
2023-07-03T05:56:20.131Z-info: Server is listening on port 8087
2023-07-03T05:56:44.023Z-error: Failed get patient by id in repository
2023-07-03T05:56:44.025Z-error: Failed to get patient from service
2023-07-03T05:56:44.026Z-error: Failed getting patients from Service...
2023-07-03T05:58:03.324Z-info: Server is listening on port 8087
2023-07-03T05:58:14.171Z-error: Failed get patient by id in repository1
2023-07-03T05:58:14.173Z-error: Failed to get patient from service
2023-07-03T05:58:14.175Z-error: Failed getting patients from Service...
2023-07-03T05:59:17.663Z-info: Server is listening on port 8087
2023-07-03T05:59:29.644Z-error: Failed get patient by id in repository1, error: database "gestion_citas1" does not exist
2023-07-03T05:59:29.646Z-error: Failed to get patient from service
2023-07-03T05:59:29.647Z-error: Failed getting patients from Service...
2023-07-03T06:08:49.857Z-info: Server is listening on port 8087
2023-07-03T06:09:17.512Z-error: Failed get patient by id in repository1, error: database "gestion_citas1" does not exist
2023-07-03T06:09:17.514Z-error: Failed to get patient from service
2023-07-03T06:09:17.515Z-error: Failed getting patients from Service...
2023-07-03T06:11:53.684Z-info: Server is listening on port 8087
2023-07-03T06:14:14.954Z-error: Record has not found yet
