2023-06-20T01:44:44.850Z-error: Dabase Error
2023-06-20T01:45:30.354Z-error: Dabase Error
2023-06-20T01:46:00.712Z-error: Dabase Error
2023-06-20T01:50:39.496Z-error: Dabase Error
2023-06-20T01:51:14.659Z-error: Dabase Error
2023-06-20T02:07:17.298Z-error: Dabase Error
2023-06-20T02:11:05.205Z-error: Dabase Error
2023-06-20T02:12:03.094Z-error: Dabase Error
2023-06-20T02:19:20.075Z-error: Dabase Error
2023-06-22T01:03:03.256Z-error: Unexpected token } in JSON at position 94
2023-06-22T01:05:32.138Z-error: Unexpected token } in JSON at position 94
2023-06-22T01:06:00.575Z-error: Unexpected token ' in JSON at position 16
2023-06-22T01:11:32.027Z-error: database "gestion_cita1" does not exist
2023-06-22T01:14:29.015Z-error: database "gestion_cita1" does not exist
2023-06-22T01:15:09.123Z-error: database "gestion_cita1" does not exist
2023-06-22T01:15:09.123Z-error: Error creating doctor: error: database "gestion_cita1" does not exist
2023-06-22T01:15:22.358Z-error: database "gestion_cita1" does not exist
2023-06-22T01:15:22.358Z-error: Error creating doctor: error: database "gestion_cita1" does not exist
2023-06-22T01:16:29.269Z-error: Error creating doctor: error: database "gestion_cita1" does not exist
2023-06-22T01:18:02.786Z-error: Internal Server Error
2023-06-22T01:19:08.626Z-error: Internal Server Error
2023-06-22T01:19:16.801Z-error: Internal Server Error
2023-06-22T01:19:47.999Z-error: Internal Server Error
2023-06-22T01:20:33.396Z-error: Internal Server Error
2023-06-22T01:22:44.205Z-error: Internal Server Error
2023-06-22T01:24:40.933Z-error: Internal Server Error
2023-06-22T01:32:55.481Z-error: Failed to create doctor
2023-06-22T01:33:51.958Z-error: Failed to create doctor
2023-06-22T01:34:09.975Z-error: Failed to create doctor
2023-06-22T01:36:05.413Z-error: Failed to create doctor repository
2023-06-22T01:36:55.931Z-error: Failed to create doctor dubt: error: database "gestion_cita1" does not exist
2023-06-22T01:39:07.486Z-error: Failed to create doctor dubt: error: database "gestion_cita1" does not exist
2023-06-22T01:45:03.544Z-error: Failed to create doctor dubt: error: database "gestion_cita1" does not exist
2023-06-22T01:45:26.417Z-error: Failed to create doctor dubt: error: database "gestion_cita1" does not exist
2023-06-22T01:48:06.008Z-error: Failed to create doctor dubt: error: database "gestion_cita1" does not exist
2023-06-22T02:28:21.280Z-error: Record has not found yet
2023-06-22T02:30:36.460Z-error: Record has not found yet
2023-06-22T02:31:34.848Z-error: Record has not found yet
2023-06-22T02:32:01.334Z-error: Record has not found yet
2023-06-22T02:32:35.323Z-error: Record has not found yet
2023-06-22T02:34:41.157Z-error: Failed get doctor by id in repository
2023-06-22T02:34:41.157Z-error: Record has not found yet
2023-06-22T02:35:16.091Z-error: Record has not found yet
2023-06-22T02:36:03.877Z-error: Failed get doctor by id in repository
2023-06-22T02:36:03.878Z-error: Record has not found yet
2023-06-22T02:42:19.366Z-error: Internal Server Error
2023-06-22T02:42:55.239Z-error: Internal Server Error
2023-06-22T02:43:11.640Z-error: Internal Server Error
2023-06-22T02:45:05.590Z-error: Internal Server Error
2023-06-22T02:45:05.594Z-error: Record has not found yet
2023-06-22T02:45:38.105Z-error: Internal Server Error
2023-06-22T02:45:38.110Z-error: Record has not found yet
2023-06-22T02:46:06.303Z-error: Internal Server Error
2023-06-22T02:46:06.307Z-error: Record has not found yet
2023-06-22T02:46:22.396Z-error: Internal Server Error
2023-06-22T02:46:22.400Z-error: Record has not found yet
2023-06-22T02:46:29.887Z-error: Internal Server Error
2023-06-22T02:46:29.891Z-error: Record has not found yet
2023-06-22T02:48:14.326Z-error: Internal Server Error
2023-06-22T02:48:14.330Z-error: Record has not found yet
2023-06-22T02:48:14.331Z-error: Internal Server Error
2023-06-22T02:48:37.967Z-error: Internal Server Error
2023-06-22T02:48:37.970Z-error: Record has not found yet
2023-06-22T02:48:37.971Z-error: Internal Server Error
2023-06-22T02:51:42.196Z-error: Internal Server Error
2023-06-22T02:51:42.201Z-error: Record has not found yet
2023-06-22T02:51:42.202Z-error: Internal Server Error
2023-06-22T02:51:49.412Z-error: Internal Server Error
2023-06-22T02:51:49.417Z-error: Record has not found yet
2023-06-22T02:51:49.419Z-error: Internal Server Error
2023-06-22T02:53:04.812Z-error: Internal Server Error
2023-06-22T02:53:04.816Z-error: Record has not found yet
2023-06-22T02:53:04.817Z-error: Internal Server Error
2023-06-22T02:53:27.789Z-error: Internal Server Error
2023-06-22T02:53:27.793Z-error: Record has not found yet
2023-06-22T02:53:27.794Z-error: Internal Server Error
2023-06-22T02:53:40.236Z-error: Internal Server Error
2023-06-22T02:53:40.241Z-error: Record has not found yet
2023-06-22T02:53:40.241Z-error: Internal Server Error
2023-06-22T02:56:15.271Z-error: Internal Server Error
2023-06-22T02:56:15.280Z-error: Record has not found yet
2023-06-22T02:56:15.281Z-error: Internal Server Error
2023-06-22T02:57:38.625Z-error: Internal Server Error
2023-06-22T02:57:38.628Z-error: Record has not found yet
2023-06-22T02:57:38.629Z-error: Internal Server Error
2023-06-23T02:09:54.093Z-error: Internal Server Error
2023-06-23T02:09:54.101Z-error: Record has not found yet
2023-06-23T02:09:54.102Z-error: Internal Server Error
2023-06-25T17:20:01.324Z-error: Failed to create doctor dubt: error: insert into "doctores" ("apellido", "consultorio", "correo", "especialidad", "nombre") values ($1, $2, $3, $4, $5) returning * - llave duplicada viola restricción de unicidad «doctores_pkey»
2023-06-25T17:20:34.350Z-error: Failed to create doctor dubt: error: insert into "doctores" ("apellido", "consultorio", "correo", "especialidad", "nombre") values ($1, $2, $3, $4, $5) returning * - llave duplicada viola restricción de unicidad «doctores_pkey»
2023-06-26T01:48:48.743Z-error: Record has not found yet
2023-06-26T01:48:48.749Z-error: Internal Server Error
2023-06-26T01:58:29.561Z-error: Failed to delete doctor from service
2023-06-26T01:58:29.562Z-error: Failed to delete doctor
2023-06-26T02:01:41.301Z-error: Failed to update doctor from service
2023-06-26T02:01:41.302Z-error: Failed to update doctor
2023-06-26T02:07:07.992Z-error: Record has not found yet
2023-06-26T02:07:07.999Z-error: Internal Server Error
2023-06-26T02:08:40.765Z-error: Record has not found yet
2023-06-26T02:08:40.770Z-error: Internal Server Error
2023-06-26T02:09:53.814Z-error: Record has not found yet
2023-06-26T02:09:53.823Z-error: Internal Server Error
2023-06-26T02:18:16.033Z-error: Record has not found yet
2023-06-26T02:18:16.040Z-error: Internal Server Error
2023-06-26T02:19:11.661Z-error: Record has not found yet
2023-06-26T02:19:11.667Z-error: Internal Server Error
2023-06-26T02:24:06.098Z-error: Record has not found yet
2023-06-26T02:24:06.107Z-error: Internal Server Error
2023-06-26T02:24:40.036Z-error: Record has not found yet
2023-06-26T02:24:40.044Z-error: Internal Server Error
2023-06-26T02:28:26.922Z-error: Unexpected token " in JSON at position 0
2023-06-26T02:28:34.257Z-error: Unexpected token " in JSON at position 0
2023-06-26T02:28:39.511Z-error: Unexpected token " in JSON at position 0
2023-06-26T02:28:39.999Z-error: Unexpected token " in JSON at position 0
2023-06-26T02:28:48.612Z-error: Unexpected token " in JSON at position 0
2023-06-26T02:29:09.067Z-error: Unexpected token " in JSON at position 0
2023-06-26T02:29:26.388Z-error: Unexpected token " in JSON at position 0
2023-06-26T02:29:27.831Z-error: Unexpected token " in JSON at position 0
2023-06-26T02:29:58.905Z-error: Unexpected token " in JSON at position 0
2023-06-26T02:30:18.614Z-error: Unexpected token " in JSON at position 0
2023-06-26T02:30:37.618Z-error: Unexpected token " in JSON at position 0
2023-06-26T02:30:48.940Z-error: Unexpected token " in JSON at position 0
2023-07-03T02:01:21.320Z-error: database "gestion_citas1" does not exist
2023-07-03T02:01:21.322Z-error: Failed getting all appointments from service
2023-07-03T02:22:08.860Z-error: Failed to create appointment from service
2023-07-03T02:28:37.164Z-error: Failed to create appointment dubt: error: database "gestion_citas1" does not exist
2023-07-03T02:28:37.166Z-error: Failed to create appointment dubt:  appointment creation GetAllError: Failed to create appointment dubt: error: database "gestion_citas1" does not exist
2023-07-03T02:29:51.360Z-error: Failed to create appointment dubt:  appointment creation GetAllError: Failed to create appointment dubt: error: database "gestion_citas1" does not exist
2023-07-03T02:33:20.906Z-error: Failed to create appointment dubt:  appointment GetAllError: Failed to create appointment dubt: error: database "gestion_citas1" does not exist
2023-07-03T02:35:23.183Z-error: Failed to create appointment dubt:  appointment GetAllError: Failed to create appointment dubt: error: database "gestion_citas1" does not exist , appointment Creation Failed
2023-07-03T02:37:13.805Z-error: Failed to create appointment dubt:  appointment GetAllError: Failed to create appointment dubt: error: database "gestion_citas1" does not exist
2023-07-03T02:39:44.398Z-error: Failed to create appointment dubt: error: database "gestion_citas1" does not exist
2023-07-03T02:39:44.399Z-error: Failed to create appointment dubt:  appointment GetAllError: Failed to create appointment dubt: error: database "gestion_citas1" does not exist
2023-07-03T02:44:58.677Z-error: Id must be a number
2023-07-03T02:45:36.826Z-error: Id must be a number
2023-07-03T02:48:41.816Z-error: Id must be a number
2023-07-03T02:50:34.246Z-error: Id must be a number
2023-07-03T02:51:07.765Z-error: Id must be a number1
2023-07-03T02:53:12.027Z-error: Id must be a number
2023-07-03T02:53:30.104Z-error: Id must be a number
2023-07-03T02:54:09.381Z-error: Id must be a number
2023-07-03T02:54:20.208Z-error: Id must be a number
2023-07-03T02:57:44.750Z-error: Failed get appointment by id in repository
2023-07-03T02:57:44.752Z-error: Failed to get appointment from service
2023-07-03T02:57:44.754Z-error: Failed to get Appointment by Id
2023-07-03T03:00:05.151Z-error: Failed get appointment by id in repository
2023-07-03T03:00:05.153Z-error: Failed to get appointment from service
2023-07-03T03:00:05.155Z-error: Failed to get Appointment by Id
2023-07-03T04:13:18.258Z-error: Id must be a number
2023-07-03T04:13:37.517Z-error: database "gestion_citas1" does not exist
2023-07-03T04:13:37.519Z-error: Failed getting all Doctors from service
2023-07-03T04:15:40.473Z-error: Failed getting all Doctors from service
2023-07-03T04:22:17.149Z-error: Failed get doctor by id in repository
2023-07-03T04:22:17.150Z-error: Failed Getting Doctor by id in Repository
2023-07-03T04:23:11.464Z-error: Failed get doctor by id in repository
2023-07-03T04:23:11.466Z-error: Failed Getting Doctor by id in Repository
2023-07-03T04:23:52.594Z-error: Failed get doctor by id in repository
2023-07-03T04:23:52.595Z-error: Failed Getting Doctor by id in Repository
2023-07-03T04:26:54.214Z-error: Failed get doctor by id in repository
2023-07-03T04:26:54.216Z-error: Failed to get doctor from service
2023-07-03T04:26:54.217Z-error: Failed Getting Doctor from Service
2023-07-03T04:28:55.581Z-error: Failed get doctor by id in repository
2023-07-03T04:28:55.582Z-error: Failed to get doctor from service
2023-07-03T04:33:31.404Z-error: Failed get doctor by id in repository
2023-07-03T04:33:31.407Z-error: Failed to update doctor from service
2023-07-03T04:33:31.410Z-error: Failed to update doctor
2023-07-03T04:33:55.474Z-error: Failed get doctor by id in repository
2023-07-03T04:33:55.475Z-error: Failed to update doctor from service
2023-07-03T04:33:55.476Z-error: Update not Accomplished from Service
2023-07-03T04:36:46.968Z-error: Failed get doctor by id in repository1
2023-07-03T04:36:46.969Z-error: Failed to update doctor from service
2023-07-03T04:36:46.971Z-error: Update not Accomplished from Service
2023-07-03T04:58:03.750Z-error: Failed get doctor by id in repository
2023-07-03T04:58:03.752Z-error: Failed to delete doctor from service
2023-07-03T04:58:03.754Z-error: Failed deleting doctor from Service
2023-07-03T05:21:08.387Z-error: database "gestion_citas1" does not exist
2023-07-03T05:24:49.632Z-error: database "gestion_citas1" does not exist
2023-07-03T05:24:49.636Z-error: Failed getting all patients from service
2023-07-03T05:25:28.432Z-error: database "gestion_citas1" does not exist
2023-07-03T05:25:28.434Z-error: Failed getting all patients from service
2023-07-03T05:29:56.721Z-error: database "gestion_citas1" does not exist
2023-07-03T05:29:56.723Z-error: Failed getting all patients from service
2023-07-03T05:40:02.253Z-error: database "gestion_citas1" does not exist
2023-07-03T05:40:02.255Z-error: Failed to create patient dubt: error: database "gestion_citas1" does not exist
2023-07-03T05:48:49.942Z-error: database "gestion_citas1" does not exist
2023-07-03T05:48:49.943Z-error: Failed to create patient dubt: error: database "gestion_citas1" does not exist
2023-07-03T05:48:49.946Z-error: Failed to create patient from service
2023-07-03T05:56:44.023Z-error: Failed get patient by id in repository
2023-07-03T05:56:44.025Z-error: Failed to get patient from service
2023-07-03T05:56:44.026Z-error: Failed getting patients from Service...
2023-07-03T05:58:14.171Z-error: Failed get patient by id in repository1
2023-07-03T05:58:14.173Z-error: Failed to get patient from service
2023-07-03T05:58:14.175Z-error: Failed getting patients from Service...
2023-07-03T05:59:29.644Z-error: Failed get patient by id in repository1, error: database "gestion_citas1" does not exist
2023-07-03T05:59:29.646Z-error: Failed to get patient from service
2023-07-03T05:59:29.647Z-error: Failed getting patients from Service...
